Using pre-set license
Built from '2020.3/staging' branch; Version is '2020.3.3f1 (76626098c1c4) revision 7758432'; Using compiler version '192528614'; Build Type 'Release'
OS: 'Windows 10 Pro; OS build 19041.928; Version 2004; 64bit' Language: 'ru' Physical Memory: 8183 MB
BatchMode: 1, IsHumanControllingUs: 0, StartBugReporterOnCrash: 0, Is64bit: 1, IsPro: 0

 COMMAND LINE ARGUMENTS:
C:\Program Files\Unity\Hub\Editor\2020.3.3f1\Editor\Unity.exe
-adb2
-batchMode
-noUpm
-name
AssetImportWorker0
-projectPath
G:/UnityProjects/GIT/Final-project/template
-logFile
Logs/AssetImportWorker0.log
-srvPort
52459
Successfully changed project path to: G:/UnityProjects/GIT/Final-project/template
G:/UnityProjects/GIT/Final-project/template
Using Asset Import Pipeline V2.
Refreshing native plugins compatible for Editor in 49.09 ms, found 0 plugins.
Preloading 0 native plugins for Editor in 0.00 ms.
Initialize engine version: 2020.3.3f1 (76626098c1c4)
[Subsystems] Discovering subsystems at path C:/Program Files/Unity/Hub/Editor/2020.3.3f1/Editor/Data/Resources/UnitySubsystems
[Subsystems] Discovering subsystems at path G:/UnityProjects/GIT/Final-project/template/Assets
GfxDevice: creating device client; threaded=0
Direct3D:
    Version:  Direct3D 11.0 [level 11.0]
    Renderer: NVIDIA GeForce GTX 650 Ti BOOST (ID=0x11c2)
    Vendor:   
    VRAM:     1998 MB
    Driver:   27.21.14.6172
Initialize mono
Mono path[0] = 'C:/Program Files/Unity/Hub/Editor/2020.3.3f1/Editor/Data/Managed'
Mono path[1] = 'C:/Program Files/Unity/Hub/Editor/2020.3.3f1/Editor/Data/MonoBleedingEdge/lib/mono/unityjit'
Mono config path = 'C:/Program Files/Unity/Hub/Editor/2020.3.3f1/Editor/Data/MonoBleedingEdge/etc'
Using monoOptions --debugger-agent=transport=dt_socket,embedding=1,server=y,suspend=n,address=127.0.0.1:56940
Begin MonoManager ReloadAssembly
Registering precompiled unity dll's ...
Register platform support module: C:/Program Files/Unity/Hub/Editor/2020.3.3f1/Editor/Data/PlaybackEngines/WebGLSupport/UnityEditor.WebGL.Extensions.dll
Register platform support module: C:/Program Files/Unity/Hub/Editor/2020.3.3f1/Editor/Data/PlaybackEngines/WindowsStandaloneSupport/UnityEditor.WindowsStandalone.Extensions.dll
Registered in 0.004453 seconds.
Native extension for WindowsStandalone target not found
Native extension for WebGL target not found
Refreshing native plugins compatible for Editor in 53.52 ms, found 0 plugins.
Preloading 0 native plugins for Editor in 0.00 ms.
Invoked RoslynAnalysisRunner static constructor.
RoslynAnalysisRunner will not be running.
RoslynAnalysisRunner has terminated.
Mono: successfully reloaded assembly
- Completed reload, in  4.448 seconds
Platform modules already initialized, skipping
Registering precompiled user dll's ...
Registered in 0.000776 seconds.
Begin MonoManager ReloadAssembly
Native extension for WindowsStandalone target not found
Native extension for WebGL target not found
Refreshing native plugins compatible for Editor in 0.37 ms, found 0 plugins.
Preloading 0 native plugins for Editor in 0.00 ms.
Invoked RoslynAnalysisRunner static constructor.
RoslynAnalysisRunner will not be running.
RoslynAnalysisRunner has terminated.
Mono: successfully reloaded assembly
- Completed reload, in  1.589 seconds
Platform modules already initialized, skipping
========================================================================
Worker process is ready to serve import requests
Launched and connected shader compiler UnityShaderCompiler.exe after 0.06 seconds
Refreshing native plugins compatible for Editor in 1.01 ms, found 0 plugins.
Preloading 0 native plugins for Editor in 0.00 ms.
Unloading 1208 Unused Serialized files (Serialized files now loaded: 0)
System memory in use before: 61.9 MB.
System memory in use after: 61.9 MB.

Unloading 9 unused Assets to reduce memory usage. Loaded Objects now: 1656.
Total: 2.637100 ms (FindLiveObjects: 0.224200 ms CreateObjectMapping: 0.081400 ms MarkObjects: 2.235900 ms  DeleteObjects: 0.093300 ms)

========================================================================
Received Import Request.
  path: Assets/CubePlatformer/Prefabs/UI/LevelBtn.prefab
  artifactKey: Guid(d91d079cc42da6849a19afb0b5fb0519) Importer(815301076,1909f56bfc062723c751e8b465ee728b)
Start importing Assets/CubePlatformer/Prefabs/UI/LevelBtn.prefab using Guid(d91d079cc42da6849a19afb0b5fb0519) Importer(815301076,1909f56bfc062723c751e8b465ee728b)  -> (artifact id: '85c171e315e2fe76e5033b30c5c133ff') in 0.188480 seconds
  Import took 0.198228 seconds .

========================================================================
Received Import Request.
  Time since last request: 3.911247 seconds.
  path: Assets/CubePlatformer/Prefabs/GameObjects/coin.prefab
  artifactKey: Guid(c11c6630ad348014aa341b1560a4bd97) Importer(815301076,1909f56bfc062723c751e8b465ee728b)
Start importing Assets/CubePlatformer/Prefabs/GameObjects/coin.prefab using Guid(c11c6630ad348014aa341b1560a4bd97) Importer(815301076,1909f56bfc062723c751e8b465ee728b)  -> (artifact id: '5070ba706b49a8d9fd712d9b3255b0f3') in 0.229672 seconds
  Import took 0.244691 seconds .

========================================================================
Received Import Request.
  Time since last request: 0.000359 seconds.
  path: Assets/CubePlatformer/Prefabs/GameObjects/GroundCube.prefab
  artifactKey: Guid(3aeab3335ffe5874da6c8962adf8a194) Importer(815301076,1909f56bfc062723c751e8b465ee728b)
Start importing Assets/CubePlatformer/Prefabs/GameObjects/GroundCube.prefab using Guid(3aeab3335ffe5874da6c8962adf8a194) Importer(815301076,1909f56bfc062723c751e8b465ee728b)  -> (artifact id: '01f9fdfa77df71d462d1b97aead8544d') in 0.023337 seconds
  Import took 0.032030 seconds .

========================================================================
Received Prepare
Refreshing native plugins compatible for Editor in 1.02 ms, found 0 plugins.
Preloading 0 native plugins for Editor in 0.00 ms.
Unloading 2 Unused Serialized files (Serialized files now loaded: 0)
System memory in use before: 41.5 MB.
System memory in use after: 41.6 MB.

Unloading 3 unused Assets to reduce memory usage. Loaded Objects now: 1664.
Total: 3.323700 ms (FindLiveObjects: 0.416700 ms CreateObjectMapping: 0.101000 ms MarkObjects: 2.777400 ms  DeleteObjects: 0.026300 ms)

========================================================================
Received Import Request.
  Time since last request: 283.502613 seconds.
  path: Assets/CubePlatformer/Scripts/GameLevel/Player/IdleState.cs
  artifactKey: Guid(5723a9960ebd96e448c702236013c450) Importer(815301076,1909f56bfc062723c751e8b465ee728b)
Start importing Assets/CubePlatformer/Scripts/GameLevel/Player/IdleState.cs using Guid(5723a9960ebd96e448c702236013c450) Importer(815301076,1909f56bfc062723c751e8b465ee728b)  -> (artifact id: '1aa340c087eef14d8b51517659a1baf0') in 0.016198 seconds
  Import took 0.029401 seconds .

========================================================================
Received Import Request.
  Time since last request: 123.986089 seconds.
  path: Assets/CubePlatformer/Scripts/GameLevel/Player/IdleState.cs
  artifactKey: Guid(5723a9960ebd96e448c702236013c450) Importer(815301076,1909f56bfc062723c751e8b465ee728b)
Start importing Assets/CubePlatformer/Scripts/GameLevel/Player/IdleState.cs using Guid(5723a9960ebd96e448c702236013c450) Importer(815301076,1909f56bfc062723c751e8b465ee728b)  -> (artifact id: 'dd1c1f8812c5b9ea8f6fe52d5e43fdfb') in 0.002540 seconds
  Import took 0.006065 seconds .

========================================================================
Received Import Request.
  Time since last request: 10.287573 seconds.
  path: Assets/CubePlatformer/Scripts/GameLevel/Player/IdleState.cs
  artifactKey: Guid(5723a9960ebd96e448c702236013c450) Importer(815301076,1909f56bfc062723c751e8b465ee728b)
Start importing Assets/CubePlatformer/Scripts/GameLevel/Player/IdleState.cs using Guid(5723a9960ebd96e448c702236013c450) Importer(815301076,1909f56bfc062723c751e8b465ee728b)  -> (artifact id: 'd721b4361d32dee715fab3bb356e4685') in 0.002398 seconds
  Import took 0.011606 seconds .

========================================================================
Received Import Request.
  Time since last request: 5.097353 seconds.
  path: Assets/CubePlatformer/Scripts/GameLevel/Player/IdleState.cs
  artifactKey: Guid(5723a9960ebd96e448c702236013c450) Importer(815301076,1909f56bfc062723c751e8b465ee728b)
Start importing Assets/CubePlatformer/Scripts/GameLevel/Player/IdleState.cs using Guid(5723a9960ebd96e448c702236013c450) Importer(815301076,1909f56bfc062723c751e8b465ee728b)  -> (artifact id: '09b817bff42fbdf6fbede2a03406b032') in 0.002860 seconds
  Import took 0.011146 seconds .

========================================================================
Received Import Request.
  Time since last request: 21.099340 seconds.
  path: Assets/CubePlatformer/Scripts/GameLevel/Player/IdleState.cs
  artifactKey: Guid(5723a9960ebd96e448c702236013c450) Importer(815301076,1909f56bfc062723c751e8b465ee728b)
Start importing Assets/CubePlatformer/Scripts/GameLevel/Player/IdleState.cs using Guid(5723a9960ebd96e448c702236013c450) Importer(815301076,1909f56bfc062723c751e8b465ee728b)  -> (artifact id: '05db75aca530731941511e79b3c73f30') in 0.002443 seconds
  Import took 0.006252 seconds .

========================================================================
Received Prepare
Registering precompiled user dll's ...
Registered in 0.000931 seconds.
Begin MonoManager ReloadAssembly
Native extension for WindowsStandalone target not found
Native extension for WebGL target not found
Refreshing native plugins compatible for Editor in 0.35 ms, found 0 plugins.
Preloading 0 native plugins for Editor in 0.00 ms.
Invoked RoslynAnalysisRunner static constructor.
RoslynAnalysisRunner will not be running.
RoslynAnalysisRunner has terminated.
Mono: successfully reloaded assembly
- Completed reload, in  1.501 seconds
Platform modules already initialized, skipping
Switching build target platform(5) subTarget(0) extendedPlatform(0) -> platform(13) subTarget(537395200) extendedPlatform(0)
Refreshing native plugins compatible for Editor in 0.39 ms, found 0 plugins.
Preloading 0 native plugins for Editor in 0.00 ms.
Unloading 1191 Unused Serialized files (Serialized files now loaded: 0)
System memory in use before: 63.6 MB.
System memory in use after: 63.7 MB.

Unloading 4 unused Assets to reduce memory usage. Loaded Objects now: 1667.
Total: 4.929000 ms (FindLiveObjects: 0.224900 ms CreateObjectMapping: 0.079100 ms MarkObjects: 4.591900 ms  DeleteObjects: 0.030500 ms)

AssetImportParameters requested are different than current active one (requested -> active):
  custom:graphics/normal-map-encoding: 01000000000000000000000000000000 -> 02000000000000000000000000000000
========================================================================
Received Prepare
Registering precompiled user dll's ...
Registered in 0.000953 seconds.
Begin MonoManager ReloadAssembly
Native extension for WindowsStandalone target not found
Native extension for WebGL target not found
Refreshing native plugins compatible for Editor in 0.37 ms, found 0 plugins.
Preloading 0 native plugins for Editor in 0.00 ms.
Invoked RoslynAnalysisRunner static constructor.
RoslynAnalysisRunner will not be running.
RoslynAnalysisRunner has terminated.
Mono: successfully reloaded assembly
- Completed reload, in  1.506 seconds
Platform modules already initialized, skipping
Switching build target platform(5) subTarget(0) extendedPlatform(0) -> platform(13) subTarget(537395200) extendedPlatform(0)
Refreshing native plugins compatible for Editor in 0.37 ms, found 0 plugins.
Preloading 0 native plugins for Editor in 0.00 ms.
Unloading 1191 Unused Serialized files (Serialized files now loaded: 0)
System memory in use before: 63.6 MB.
System memory in use after: 63.7 MB.

Unloading 4 unused Assets to reduce memory usage. Loaded Objects now: 1670.
Total: 2.545600 ms (FindLiveObjects: 0.197200 ms CreateObjectMapping: 0.072200 ms MarkObjects: 2.220400 ms  DeleteObjects: 0.053000 ms)

AssetImportParameters requested are different than current active one (requested -> active):
  custom:graphics/normal-map-encoding: 01000000000000000000000000000000 -> 02000000000000000000000000000000
========================================================================
Received Prepare
Registering precompiled user dll's ...
Registered in 0.000880 seconds.
Begin MonoManager ReloadAssembly
Native extension for WindowsStandalone target not found
Native extension for WebGL target not found
Refreshing native plugins compatible for Editor in 0.38 ms, found 0 plugins.
Preloading 0 native plugins for Editor in 0.00 ms.
Invoked RoslynAnalysisRunner static constructor.
RoslynAnalysisRunner will not be running.
RoslynAnalysisRunner has terminated.
Mono: successfully reloaded assembly
- Completed reload, in  1.531 seconds
Platform modules already initialized, skipping
Switching build target platform(5) subTarget(0) extendedPlatform(0) -> platform(13) subTarget(537395200) extendedPlatform(0)
Refreshing native plugins compatible for Editor in 0.37 ms, found 0 plugins.
Preloading 0 native plugins for Editor in 0.00 ms.
Unloading 1191 Unused Serialized files (Serialized files now loaded: 0)
System memory in use before: 63.6 MB.
System memory in use after: 63.7 MB.

Unloading 4 unused Assets to reduce memory usage. Loaded Objects now: 1673.
Total: 2.501200 ms (FindLiveObjects: 0.202500 ms CreateObjectMapping: 0.080700 ms MarkObjects: 2.191500 ms  DeleteObjects: 0.024400 ms)

AssetImportParameters requested are different than current active one (requested -> active):
  custom:graphics/normal-map-encoding: 01000000000000000000000000000000 -> 02000000000000000000000000000000
========================================================================
Received Prepare
Registering precompiled user dll's ...
Registered in 0.000917 seconds.
Begin MonoManager ReloadAssembly
Native extension for WindowsStandalone target not found
Native extension for WebGL target not found
Refreshing native plugins compatible for Editor in 0.36 ms, found 0 plugins.
Preloading 0 native plugins for Editor in 0.00 ms.
Invoked RoslynAnalysisRunner static constructor.
RoslynAnalysisRunner will not be running.
RoslynAnalysisRunner has terminated.
Mono: successfully reloaded assembly
- Completed reload, in  1.573 seconds
Platform modules already initialized, skipping
Switching build target platform(5) subTarget(0) extendedPlatform(0) -> platform(13) subTarget(537395200) extendedPlatform(0)
Refreshing native plugins compatible for Editor in 0.37 ms, found 0 plugins.
Preloading 0 native plugins for Editor in 0.00 ms.
Unloading 1191 Unused Serialized files (Serialized files now loaded: 0)
System memory in use before: 63.6 MB.
System memory in use after: 63.8 MB.

Unloading 4 unused Assets to reduce memory usage. Loaded Objects now: 1676.
Total: 2.403700 ms (FindLiveObjects: 0.185200 ms CreateObjectMapping: 0.080400 ms MarkObjects: 2.115600 ms  DeleteObjects: 0.020900 ms)

AssetImportParameters requested are different than current active one (requested -> active):
  custom:graphics/normal-map-encoding: 01000000000000000000000000000000 -> 02000000000000000000000000000000
========================================================================
Received Prepare
Registering precompiled user dll's ...
Registered in 0.000960 seconds.
Begin MonoManager ReloadAssembly
Native extension for WindowsStandalone target not found
Native extension for WebGL target not found
Refreshing native plugins compatible for Editor in 0.36 ms, found 0 plugins.
Preloading 0 native plugins for Editor in 0.00 ms.
Invoked RoslynAnalysisRunner static constructor.
RoslynAnalysisRunner will not be running.
RoslynAnalysisRunner has terminated.
Mono: successfully reloaded assembly
- Completed reload, in  1.514 seconds
Platform modules already initialized, skipping
Switching build target platform(5) subTarget(0) extendedPlatform(0) -> platform(13) subTarget(537395200) extendedPlatform(0)
Refreshing native plugins compatible for Editor in 0.41 ms, found 0 plugins.
Preloading 0 native plugins for Editor in 0.00 ms.
Unloading 1191 Unused Serialized files (Serialized files now loaded: 0)
System memory in use before: 63.7 MB.
System memory in use after: 63.8 MB.

Unloading 4 unused Assets to reduce memory usage. Loaded Objects now: 1679.
Total: 2.589300 ms (FindLiveObjects: 0.256200 ms CreateObjectMapping: 0.083000 ms MarkObjects: 2.225500 ms  DeleteObjects: 0.022600 ms)

AssetImportParameters requested are different than current active one (requested -> active):
  custom:graphics/normal-map-encoding: 01000000000000000000000000000000 -> 02000000000000000000000000000000
========================================================================
Received Prepare
Registering precompiled user dll's ...
Registered in 0.000914 seconds.
Begin MonoManager ReloadAssembly
Native extension for WindowsStandalone target not found
Native extension for WebGL target not found
Refreshing native plugins compatible for Editor in 0.40 ms, found 0 plugins.
Preloading 0 native plugins for Editor in 0.00 ms.
Invoked RoslynAnalysisRunner static constructor.
RoslynAnalysisRunner will not be running.
RoslynAnalysisRunner has terminated.
Mono: successfully reloaded assembly
- Completed reload, in  1.526 seconds
Platform modules already initialized, skipping
Switching build target platform(5) subTarget(0) extendedPlatform(0) -> platform(13) subTarget(537395200) extendedPlatform(0)
Refreshing native plugins compatible for Editor in 0.36 ms, found 0 plugins.
Preloading 0 native plugins for Editor in 0.00 ms.
Unloading 1191 Unused Serialized files (Serialized files now loaded: 0)
System memory in use before: 63.7 MB.
System memory in use after: 63.8 MB.

Unloading 4 unused Assets to reduce memory usage. Loaded Objects now: 1682.
Total: 2.384500 ms (FindLiveObjects: 0.199000 ms CreateObjectMapping: 0.075900 ms MarkObjects: 2.083700 ms  DeleteObjects: 0.024000 ms)

AssetImportParameters requested are different than current active one (requested -> active):
  custom:graphics/normal-map-encoding: 01000000000000000000000000000000 -> 02000000000000000000000000000000
========================================================================
Received Prepare
Registering precompiled user dll's ...
Registered in 0.000876 seconds.
Begin MonoManager ReloadAssembly
Native extension for WindowsStandalone target not found
Native extension for WebGL target not found
Refreshing native plugins compatible for Editor in 0.38 ms, found 0 plugins.
Preloading 0 native plugins for Editor in 0.00 ms.
Invoked RoslynAnalysisRunner static constructor.
RoslynAnalysisRunner will not be running.
RoslynAnalysisRunner has terminated.
Mono: successfully reloaded assembly
- Completed reload, in  1.588 seconds
Platform modules already initialized, skipping
Switching build target platform(5) subTarget(0) extendedPlatform(0) -> platform(13) subTarget(537395200) extendedPlatform(0)
Refreshing native plugins compatible for Editor in 0.36 ms, found 0 plugins.
Preloading 0 native plugins for Editor in 0.00 ms.
Unloading 1191 Unused Serialized files (Serialized files now loaded: 0)
System memory in use before: 63.7 MB.
System memory in use after: 63.8 MB.

Unloading 4 unused Assets to reduce memory usage. Loaded Objects now: 1685.
Total: 2.552100 ms (FindLiveObjects: 0.296400 ms CreateObjectMapping: 0.090400 ms MarkObjects: 2.137100 ms  DeleteObjects: 0.026400 ms)

AssetImportParameters requested are different than current active one (requested -> active):
  custom:graphics/normal-map-encoding: 01000000000000000000000000000000 -> 02000000000000000000000000000000
========================================================================
Received Prepare
Registering precompiled user dll's ...
Registered in 0.000915 seconds.
Begin MonoManager ReloadAssembly
Native extension for WindowsStandalone target not found
Native extension for WebGL target not found
Refreshing native plugins compatible for Editor in 0.37 ms, found 0 plugins.
Preloading 0 native plugins for Editor in 0.00 ms.
Invoked RoslynAnalysisRunner static constructor.
RoslynAnalysisRunner will not be running.
RoslynAnalysisRunner has terminated.
Mono: successfully reloaded assembly
- Completed reload, in  1.563 seconds
Platform modules already initialized, skipping
Switching build target platform(5) subTarget(0) extendedPlatform(0) -> platform(13) subTarget(537395200) extendedPlatform(0)
Refreshing native plugins compatible for Editor in 0.37 ms, found 0 plugins.
Preloading 0 native plugins for Editor in 0.00 ms.
Unloading 1191 Unused Serialized files (Serialized files now loaded: 0)
System memory in use before: 63.7 MB.
System memory in use after: 63.8 MB.

Unloading 4 unused Assets to reduce memory usage. Loaded Objects now: 1688.
Total: 2.593700 ms (FindLiveObjects: 0.304700 ms CreateObjectMapping: 0.087900 ms MarkObjects: 2.178100 ms  DeleteObjects: 0.021300 ms)

AssetImportParameters requested are different than current active one (requested -> active):
  custom:graphics/normal-map-encoding: 01000000000000000000000000000000 -> 02000000000000000000000000000000
========================================================================
Received Prepare
Registering precompiled user dll's ...
Registered in 0.000939 seconds.
Begin MonoManager ReloadAssembly
Native extension for WindowsStandalone target not found
Native extension for WebGL target not found
Refreshing native plugins compatible for Editor in 0.36 ms, found 0 plugins.
Preloading 0 native plugins for Editor in 0.00 ms.
Invoked RoslynAnalysisRunner static constructor.
RoslynAnalysisRunner will not be running.
RoslynAnalysisRunner has terminated.
Mono: successfully reloaded assembly
- Completed reload, in  1.543 seconds
Platform modules already initialized, skipping
Switching build target platform(5) subTarget(0) extendedPlatform(0) -> platform(13) subTarget(537395200) extendedPlatform(0)
Refreshing native plugins compatible for Editor in 0.36 ms, found 0 plugins.
Preloading 0 native plugins for Editor in 0.00 ms.
Unloading 1191 Unused Serialized files (Serialized files now loaded: 0)
System memory in use before: 63.7 MB.
System memory in use after: 63.8 MB.

Unloading 4 unused Assets to reduce memory usage. Loaded Objects now: 1691.
Total: 2.539600 ms (FindLiveObjects: 0.204800 ms CreateObjectMapping: 0.080500 ms MarkObjects: 2.234900 ms  DeleteObjects: 0.018000 ms)

AssetImportParameters requested are different than current active one (requested -> active):
  custom:graphics/normal-map-encoding: 01000000000000000000000000000000 -> 02000000000000000000000000000000
========================================================================
Received Prepare
Registering precompiled user dll's ...
Registered in 0.000874 seconds.
Begin MonoManager ReloadAssembly
Native extension for WindowsStandalone target not found
Native extension for WebGL target not found
Refreshing native plugins compatible for Editor in 0.36 ms, found 0 plugins.
Preloading 0 native plugins for Editor in 0.00 ms.
Invoked RoslynAnalysisRunner static constructor.
RoslynAnalysisRunner will not be running.
RoslynAnalysisRunner has terminated.
Mono: successfully reloaded assembly
- Completed reload, in  1.581 seconds
Platform modules already initialized, skipping
Switching build target platform(5) subTarget(0) extendedPlatform(0) -> platform(13) subTarget(537395200) extendedPlatform(0)
Refreshing native plugins compatible for Editor in 0.41 ms, found 0 plugins.
Preloading 0 native plugins for Editor in 0.00 ms.
Unloading 1191 Unused Serialized files (Serialized files now loaded: 0)
System memory in use before: 63.7 MB.
System memory in use after: 63.8 MB.

Unloading 4 unused Assets to reduce memory usage. Loaded Objects now: 1694.
Total: 2.573200 ms (FindLiveObjects: 0.237900 ms CreateObjectMapping: 0.081000 ms MarkObjects: 2.231900 ms  DeleteObjects: 0.020100 ms)

AssetImportParameters requested are different than current active one (requested -> active):
  custom:graphics/normal-map-encoding: 01000000000000000000000000000000 -> 02000000000000000000000000000000
========================================================================
Received Prepare
Registering precompiled user dll's ...
Registered in 0.000907 seconds.
Begin MonoManager ReloadAssembly
Native extension for WindowsStandalone target not found
Native extension for WebGL target not found
Refreshing native plugins compatible for Editor in 0.36 ms, found 0 plugins.
Preloading 0 native plugins for Editor in 0.00 ms.
Invoked RoslynAnalysisRunner static constructor.
RoslynAnalysisRunner will not be running.
RoslynAnalysisRunner has terminated.
Mono: successfully reloaded assembly
- Completed reload, in  1.604 seconds
Platform modules already initialized, skipping
Switching build target platform(5) subTarget(0) extendedPlatform(0) -> platform(13) subTarget(537395200) extendedPlatform(0)
Refreshing native plugins compatible for Editor in 0.37 ms, found 0 plugins.
Preloading 0 native plugins for Editor in 0.00 ms.
Unloading 1191 Unused Serialized files (Serialized files now loaded: 0)
System memory in use before: 63.7 MB.
System memory in use after: 63.8 MB.

Unloading 4 unused Assets to reduce memory usage. Loaded Objects now: 1697.
Total: 2.421500 ms (FindLiveObjects: 0.192700 ms CreateObjectMapping: 0.080300 ms MarkObjects: 2.129200 ms  DeleteObjects: 0.017700 ms)

AssetImportParameters requested are different than current active one (requested -> active):
  custom:graphics/normal-map-encoding: 01000000000000000000000000000000 -> 02000000000000000000000000000000
========================================================================
Received Prepare
Registering precompiled user dll's ...
Registered in 0.001146 seconds.
Begin MonoManager ReloadAssembly
Native extension for WindowsStandalone target not found
Native extension for WebGL target not found
Refreshing native plugins compatible for Editor in 0.37 ms, found 0 plugins.
Preloading 0 native plugins for Editor in 0.00 ms.
Invoked RoslynAnalysisRunner static constructor.
RoslynAnalysisRunner will not be running.
RoslynAnalysisRunner has terminated.
Mono: successfully reloaded assembly
- Completed reload, in  1.602 seconds
Platform modules already initialized, skipping
Switching build target platform(5) subTarget(0) extendedPlatform(0) -> platform(13) subTarget(537395200) extendedPlatform(0)
Refreshing native plugins compatible for Editor in 0.37 ms, found 0 plugins.
Preloading 0 native plugins for Editor in 0.00 ms.
Unloading 1191 Unused Serialized files (Serialized files now loaded: 0)
System memory in use before: 63.7 MB.
System memory in use after: 63.8 MB.

Unloading 4 unused Assets to reduce memory usage. Loaded Objects now: 1700.
Total: 2.968100 ms (FindLiveObjects: 0.343800 ms CreateObjectMapping: 0.094300 ms MarkObjects: 2.507300 ms  DeleteObjects: 0.020300 ms)

AssetImportParameters requested are different than current active one (requested -> active):
  custom:graphics/normal-map-encoding: 01000000000000000000000000000000 -> 02000000000000000000000000000000
========================================================================
Received Prepare
Registering precompiled user dll's ...
Registered in 0.000991 seconds.
Begin MonoManager ReloadAssembly
Native extension for WindowsStandalone target not found
Native extension for WebGL target not found
Refreshing native plugins compatible for Editor in 0.37 ms, found 0 plugins.
Preloading 0 native plugins for Editor in 0.00 ms.
Invoked RoslynAnalysisRunner static constructor.
RoslynAnalysisRunner will not be running.
RoslynAnalysisRunner has terminated.
Mono: successfully reloaded assembly
- Completed reload, in  1.575 seconds
Platform modules already initialized, skipping
Switching build target platform(5) subTarget(0) extendedPlatform(0) -> platform(13) subTarget(537395200) extendedPlatform(0)
Refreshing native plugins compatible for Editor in 0.37 ms, found 0 plugins.
Preloading 0 native plugins for Editor in 0.00 ms.
Unloading 1191 Unused Serialized files (Serialized files now loaded: 0)
System memory in use before: 63.7 MB.
System memory in use after: 63.8 MB.

Unloading 4 unused Assets to reduce memory usage. Loaded Objects now: 1703.
Total: 2.576000 ms (FindLiveObjects: 0.324900 ms CreateObjectMapping: 0.095000 ms MarkObjects: 2.134600 ms  DeleteObjects: 0.019600 ms)

AssetImportParameters requested are different than current active one (requested -> active):
  custom:graphics/normal-map-encoding: 01000000000000000000000000000000 -> 02000000000000000000000000000000
========================================================================
Received Prepare
Registering precompiled user dll's ...
Registered in 0.000879 seconds.
Begin MonoManager ReloadAssembly
Native extension for WindowsStandalone target not found
Native extension for WebGL target not found
Refreshing native plugins compatible for Editor in 0.37 ms, found 0 plugins.
Preloading 0 native plugins for Editor in 0.00 ms.
Invoked RoslynAnalysisRunner static constructor.
RoslynAnalysisRunner will not be running.
RoslynAnalysisRunner has terminated.
Mono: successfully reloaded assembly
- Completed reload, in  1.887 seconds
Platform modules already initialized, skipping
Switching build target platform(5) subTarget(0) extendedPlatform(0) -> platform(13) subTarget(537395200) extendedPlatform(0)
Refreshing native plugins compatible for Editor in 0.43 ms, found 0 plugins.
Preloading 0 native plugins for Editor in 0.00 ms.
Unloading 1191 Unused Serialized files (Serialized files now loaded: 0)
System memory in use before: 63.7 MB.
System memory in use after: 63.8 MB.

Unloading 4 unused Assets to reduce memory usage. Loaded Objects now: 1706.
Total: 2.526100 ms (FindLiveObjects: 0.208400 ms CreateObjectMapping: 0.080400 ms MarkObjects: 2.211400 ms  DeleteObjects: 0.023800 ms)

AssetImportParameters requested are different than current active one (requested -> active):
  custom:graphics/normal-map-encoding: 01000000000000000000000000000000 -> 02000000000000000000000000000000
========================================================================
Received Import Request.
  Time since last request: 1830.752985 seconds.
  path: Assets/CubePlatformer/Scripts/GameLevel/Player/JumpState.cs
  artifactKey: Guid(2f6a3eab33bd3114395978411b63b4f2) Importer(815301076,1909f56bfc062723c751e8b465ee728b)
Start importing Assets/CubePlatformer/Scripts/GameLevel/Player/JumpState.cs using Guid(2f6a3eab33bd3114395978411b63b4f2) Importer(815301076,1909f56bfc062723c751e8b465ee728b)  -> (artifact id: '36f392e0e017c818be294bb2ae4cf8a6') in 0.012560 seconds
  Import took 0.015620 seconds .

========================================================================
Received Import Request.
  Time since last request: 0.001030 seconds.
  path: Assets/CubePlatformer/Scripts/GameLevel/Player/JumpState.cs
  artifactKey: Guid(2f6a3eab33bd3114395978411b63b4f2) Importer(815301076,1909f56bfc062723c751e8b465ee728b)
Start importing Assets/CubePlatformer/Scripts/GameLevel/Player/JumpState.cs using Guid(2f6a3eab33bd3114395978411b63b4f2) Importer(815301076,1909f56bfc062723c751e8b465ee728b)  -> (artifact id: '36f392e0e017c818be294bb2ae4cf8a6') in 0.002432 seconds
  Import took 0.005980 seconds .

========================================================================
Received Import Request.
  Time since last request: 9.351143 seconds.
  path: Assets/CubePlatformer/Scripts/GameLevel/Player/RunState.cs
  artifactKey: Guid(2462e3c24d3a31b42a1b56dabbb19f37) Importer(815301076,1909f56bfc062723c751e8b465ee728b)
Start importing Assets/CubePlatformer/Scripts/GameLevel/Player/RunState.cs using Guid(2462e3c24d3a31b42a1b56dabbb19f37) Importer(815301076,1909f56bfc062723c751e8b465ee728b)  -> (artifact id: '666dad1a58afd464841ba000b9f368e8') in 0.012418 seconds
  Import took 0.017007 seconds .

========================================================================
Received Prepare
Registering precompiled user dll's ...
Registered in 0.000925 seconds.
Begin MonoManager ReloadAssembly
Native extension for WindowsStandalone target not found
Native extension for WebGL target not found
Refreshing native plugins compatible for Editor in 0.38 ms, found 0 plugins.
Preloading 0 native plugins for Editor in 0.00 ms.
Invoked RoslynAnalysisRunner static constructor.
RoslynAnalysisRunner will not be running.
RoslynAnalysisRunner has terminated.
Mono: successfully reloaded assembly
- Completed reload, in  1.668 seconds
Platform modules already initialized, skipping
Switching build target platform(5) subTarget(0) extendedPlatform(0) -> platform(13) subTarget(537395200) extendedPlatform(0)
Refreshing native plugins compatible for Editor in 0.37 ms, found 0 plugins.
Preloading 0 native plugins for Editor in 0.00 ms.
Unloading 1191 Unused Serialized files (Serialized files now loaded: 0)
System memory in use before: 63.7 MB.
System memory in use after: 63.8 MB.

Unloading 4 unused Assets to reduce memory usage. Loaded Objects now: 1709.
Total: 2.449900 ms (FindLiveObjects: 0.189900 ms CreateObjectMapping: 0.090900 ms MarkObjects: 2.149600 ms  DeleteObjects: 0.017700 ms)

AssetImportParameters requested are different than current active one (requested -> active):
  custom:graphics/normal-map-encoding: 01000000000000000000000000000000 -> 02000000000000000000000000000000
========================================================================
Received Import Request.
  Time since last request: 113.796596 seconds.
  path: Assets/CubePlatformer/Scripts/GameLevel/Player/RunState.cs
  artifactKey: Guid(2462e3c24d3a31b42a1b56dabbb19f37) Importer(815301076,1909f56bfc062723c751e8b465ee728b)
Start importing Assets/CubePlatformer/Scripts/GameLevel/Player/RunState.cs using Guid(2462e3c24d3a31b42a1b56dabbb19f37) Importer(815301076,1909f56bfc062723c751e8b465ee728b)  -> (artifact id: '06f3c28e8cdfc0fdd1c37639b9ace8e0') in 0.005418 seconds
  Import took 0.009340 seconds .

========================================================================
Received Import Request.
  Time since last request: 934.807737 seconds.
  path: Assets/CubePlatformer/Scripts/GameLevel/Player/JumpState.cs
  artifactKey: Guid(2f6a3eab33bd3114395978411b63b4f2) Importer(815301076,1909f56bfc062723c751e8b465ee728b)
Start importing Assets/CubePlatformer/Scripts/GameLevel/Player/JumpState.cs using Guid(2f6a3eab33bd3114395978411b63b4f2) Importer(815301076,1909f56bfc062723c751e8b465ee728b)  -> (artifact id: '14d2ac5162bc2afe15ad13d429ed5133') in 0.002608 seconds
  Import took 0.006094 seconds .

========================================================================
Received Import Request.
  Time since last request: 0.008808 seconds.
  path: Assets/CubePlatformer/Scripts/GameLevel/Player/JumpState.cs
  artifactKey: Guid(2f6a3eab33bd3114395978411b63b4f2) Importer(815301076,1909f56bfc062723c751e8b465ee728b)
Start importing Assets/CubePlatformer/Scripts/GameLevel/Player/JumpState.cs using Guid(2f6a3eab33bd3114395978411b63b4f2) Importer(815301076,1909f56bfc062723c751e8b465ee728b)  -> (artifact id: '14d2ac5162bc2afe15ad13d429ed5133') in 0.002586 seconds
  Import took 0.005517 seconds .

========================================================================
Received Import Request.
  Time since last request: 63.567063 seconds.
  path: Assets/CubePlatformer/Scripts/GameLevel/Player/PlayerController.cs
  artifactKey: Guid(43704a99977be974393a3551f67592ec) Importer(815301076,1909f56bfc062723c751e8b465ee728b)
Start importing Assets/CubePlatformer/Scripts/GameLevel/Player/PlayerController.cs using Guid(43704a99977be974393a3551f67592ec) Importer(815301076,1909f56bfc062723c751e8b465ee728b)  -> (artifact id: 'd7618ba7dcd477ca9abcdf2662037660') in 0.013353 seconds
  Import took 0.016266 seconds .

========================================================================
Received Import Request.
  Time since last request: 0.000972 seconds.
  path: Assets/CubePlatformer/Scripts/GameLevel/Player/PlayerController.cs
  artifactKey: Guid(43704a99977be974393a3551f67592ec) Importer(815301076,1909f56bfc062723c751e8b465ee728b)
Start importing Assets/CubePlatformer/Scripts/GameLevel/Player/PlayerController.cs using Guid(43704a99977be974393a3551f67592ec) Importer(815301076,1909f56bfc062723c751e8b465ee728b)  -> (artifact id: 'd7618ba7dcd477ca9abcdf2662037660') in 0.002390 seconds
  Import took 0.005779 seconds .

AssetImportWorkerClient::OnTransportError - code=2 error=End of file
